INFO: latexindent version 3.8.2, 2020-06-10, a script to indent .tex files
      latexindent lives here: /usr/share/texlive/texmf-dist/scripts/latexindent/
      Thu Jan 28 13:48:45 2021
      Filename: /home/mustafif/Phaktionz/Story/Characters/Characters/Syco.tex
INFO: Processing switches:
INFO: Directory for backup files and indent.log: /home/mustafif/Phaktionz/Story/Characters/Characters
INFO: YAML settings read: defaultSettings.yaml
      Reading defaultSettings.yaml from /usr/share/texlive/texmf-dist/scripts/latexindent/defaultSettings.yaml
INFO: YAML settings read: indentconfig.yaml or .indentconfig.yaml
      Home directory is /home/mustafif (didn't find either indentconfig.yaml or .indentconfig.yaml)
      To specify user settings you would put indentconfig.yaml here: /home/mustafif/indentconfig.yaml
      Alternatively, you can use the hidden file .indentconfig.yaml as: /home/mustafif/.indentconfig.yaml
INFO: Phase 1: searching for objects
INFO: Phase 2: finding surrounding indentation
INFO: Phase 3: indenting objects
INFO: Phase 4: final indentation check
INFO: Output routine:
      Not outputting to file; see -w and -o switches for more options.
      --------------
INFO: Please direct all communication/issues to:
      https://github.com/cmhughes/latexindent.pl
